[2021-07-14T19:22:41.594] [ERROR] default - error: syntax error at or near "info"
    at Parser.parseErrorMessage (C:\project\ertelecom\node_modules\pg-protocol\dist\parser.js:287:98)
    at Parser.handlePacket (C:\project\ertelecom\node_modules\pg-protocol\dist\parser.js:126:29)
    at Parser.parse (C:\project\ertelecom\node_modules\pg-protocol\dist\parser.js:39:38)
    at Socket.<anonymous> (C:\project\ertelecom\node_modules\pg-protocol\dist\index.js:11:42)
    at Socket.emit (events.js:315:20)
    at addChunk (internal/streams/readable.js:309:12)
    at readableAddChunk (internal/streams/readable.js:284:9)
    at Socket.Readable.push (internal/streams/readable.js:223:10)
    at TCP.onStreamRead (internal/stream_base_commons.js:188:23)
    at TCP.callbackTrampoline (internal/async_hooks.js:131:14) {
  length: 93,
  severity: 'ERROR',
  code: '42601',
  detail: undefined,
  hint: undefined,
  position: '21',
  internalPosition: undefined,
  internalQuery: undefined,
  where: undefined,
  schema: undefined,
  table: undefined,
  column: undefined,
  dataType: undefined,
  constraint: undefined,
  file: 'scan.l',
  line: '1180',
  routine: 'scanner_yyerror'
}
[2021-07-14T20:04:24.849] [ERROR] default - error: syntax error at or near "info"
    at Parser.parseErrorMessage (C:\project\ertelecom\node_modules\pg-protocol\dist\parser.js:287:98)
    at Parser.handlePacket (C:\project\ertelecom\node_modules\pg-protocol\dist\parser.js:126:29)
    at Parser.parse (C:\project\ertelecom\node_modules\pg-protocol\dist\parser.js:39:38)
    at Socket.<anonymous> (C:\project\ertelecom\node_modules\pg-protocol\dist\index.js:11:42)
    at Socket.emit (events.js:315:20)
    at addChunk (internal/streams/readable.js:309:12)
    at readableAddChunk (internal/streams/readable.js:284:9)
    at Socket.Readable.push (internal/streams/readable.js:223:10)
    at TCP.onStreamRead (internal/stream_base_commons.js:188:23)
    at TCP.callbackTrampoline (internal/async_hooks.js:131:14) {
  length: 93,
  severity: 'ERROR',
  code: '42601',
  detail: undefined,
  hint: undefined,
  position: '21',
  internalPosition: undefined,
  internalQuery: undefined,
  where: undefined,
  schema: undefined,
  table: undefined,
  column: undefined,
  dataType: undefined,
  constraint: undefined,
  file: 'scan.l',
  line: '1180',
  routine: 'scanner_yyerror'
}
